#
# There is insufficient memory for the Java Runtime Environment to continue.
# Native memory allocation (malloc) failed to allocate 1992048 bytes for Chunk::new
# Possible reasons:
#   The system is out of physical RAM or swap space
#   The process is running with CompressedOops enabled, and the Java Heap may be blocking the growth of the native heap
# Possible solutions:
#   Reduce memory load on the system
#   Increase physical memory or swap space
#   Check if swap backing store is full
#   Decrease Java heap size (-Xmx/-Xms)
#   Decrease number of Java threads
#   Decrease Java thread stack sizes (-Xss)
#   Set larger code cache with -XX:ReservedCodeCacheSize=
#   JVM is running with Unscaled Compressed Oops mode in which the Java heap is
#     placed in the first 4GB address space. The Java Heap base address is the
#     maximum limit for the native heap growth. Please use -XX:HeapBaseMinAddress
#     to set the Java Heap base and to place the Java Heap above 4GB virtual address.
# This output file may be truncated or incomplete.
#
#  Out of Memory Error (allocation.cpp:389), pid=11348, tid=0x0000000000004480
#
# JRE version: OpenJDK Runtime Environment (8.0_265-b01) (build 1.8.0_265-b01)
# Java VM: OpenJDK 64-Bit Server VM (25.265-b01 mixed mode windows-amd64 compressed oops)
# Failed to write core dump. Minidumps are not enabled by default on client versions of Windows
#

---------------  T H R E A D  ---------------

Current thread (0x0000021da0f8f800):  JavaThread "C2 CompilerThread0" daemon [_thread_in_native, id=17536, stack(0x000000f080300000,0x000000f080400000)]

Stack: [0x000000f080300000,0x000000f080400000]
[error occurred during error reporting (printing stack bounds), id 0xc0000005]

Native frames: (J=compiled Java code, j=interpreted, Vv=VM code, C=native code)


Current CompileTask:
C2:   9991 3500   !   4       org.eclipse.aether.internal.impl.DefaultDependencyCollector::processDependency (628 bytes)


---------------  P R O C E S S  ---------------

Java Threads: ( => current thread )
  0x0000021da2d6b800 JavaThread "Log4j2-TF-3-AsyncLoggerConfig--2" daemon [_thread_blocked, id=10888, stack(0x000000f080b00000,0x000000f080c00000)]
  0x0000021da2b5c800 JavaThread "pool-2-thread-1" [_thread_in_native, id=5864, stack(0x000000f080a00000,0x000000f080b00000)]
  0x0000021da2a37000 JavaThread "Log4j2-TF-1-AsyncLoggerConfig--1" daemon [_thread_blocked, id=17964, stack(0x000000f080900000,0x000000f080a00000)]
  0x0000021da2380800 JavaThread "Service Thread" daemon [_thread_blocked, id=16648, stack(0x000000f080700000,0x000000f080800000)]
  0x0000021da0fa8800 JavaThread "C1 CompilerThread3" daemon [_thread_blocked, id=20232, stack(0x000000f080600000,0x000000f080700000)]
  0x0000021da0fa6000 JavaThread "C2 CompilerThread2" daemon [_thread_blocked, id=20500, stack(0x000000f080500000,0x000000f080600000)]
  0x0000021da0fa1000 JavaThread "C2 CompilerThread1" daemon [_thread_in_native, id=20376, stack(0x000000f080400000,0x000000f080500000)]
=>0x0000021da0f8f800 JavaThread "C2 CompilerThread0" daemon [_thread_in_native, id=17536, stack(0x000000f080300000,0x000000f080400000)]
  0x0000021da0f82800 JavaThread "Attach Listener" daemon [_thread_blocked, id=17736, stack(0x000000f080200000,0x000000f080300000)]
  0x0000021da0f8e000 JavaThread "Signal Dispatcher" daemon [_thread_blocked, id=20868, stack(0x000000f080100000,0x000000f080200000)]
  0x0000021da0f5a000 JavaThread "Finalizer" daemon [_thread_blocked, id=18644, stack(0x000000f080000000,0x000000f080100000)]
  0x0000021da0348800 JavaThread "Reference Handler" daemon [_thread_blocked, id=18180, stack(0x000000f0fff00000,0x000000f100000000)]
  0x0000021d8a445800 JavaThread "main" [_thread_in_native, id=728, stack(0x000000f0ff500000,0x000000f0ff600000)]

Other Threads:
  0x0000021da0345800 VMThread [stack: 0x000000f0ffe00000,0x000000f0fff00000] [id=17744]
  0x0000021da100b000 WatcherThread [stack: 0x000000f080800000,0x000000f080900000] [id=21180]

VM state:not at safepoint (normal execution)

VM Mutex/Monitor currently owned by a thread: None

heap address: 0x0000000082600000, size: 2010 MB, Compressed Oops mode: 32-bit
Narrow klass base: 0x0000000000000000, Narrow klass shift: 3
Compressed class space size: 1073741824 Address: 0x0000000100000000

Heap:
 PSYoungGen      total 144384K, used 24323K [0x00000000d6200000, 0x00000000dfc00000, 0x0000000100000000)
  eden space 131072K, 8% used [0x00000000d6200000,0x00000000d6cc0dc8,0x00000000de200000)
  from space 13312K, 100% used [0x00000000def00000,0x00000000dfc00000,0x00000000dfc00000)
  to   space 13312K, 0% used [0x00000000de200000,0x00000000de200000,0x00000000def00000)
 ParOldGen       total 86016K, used 25713K [0x0000000082600000, 0x0000000087a00000, 0x00000000d6200000)
  object space 86016K, 29% used [0x0000000082600000,0x0000000083f1c470,0x0000000087a00000)
 Metaspace       used 19509K, capacity 20050K, committed 20352K, reserved 1067008K
  class space    used 2232K, capacity 2364K, committed 2432K, reserved 1048576K

Card table byte_map: [0x0000021d9b0d0000,0x0000021d9b4c0000] byte_map_base: 0x0000021d9acbd000

Marking Bits: (ParMarkBitMap*) 0x0000000055117790
 Begin Bits: [0x0000021d9b760000, 0x0000021d9d6c8000)
 End Bits:   [0x0000021d9d6c8000, 0x0000021d9f630000)

Polling page: 0x0000021d8a6c0000

CodeCache: size=245760Kb used=12997Kb max_used=14384Kb free=232762Kb
 bounds [0x0000021d8bd10000, 0x0000021d8cb30000, 0x0000021d9ad10000]
 total_blobs=3624 nmethods=3229 adapters=306
 compilation: enabled

Compilation events (10 events):
Event: 9.966 Thread 0x0000021da0fa6000 3572   !   4       java.lang.ref.Reference::tryHandlePending (115 bytes)
Event: 9.968 Thread 0x0000021da0fa8800 3594       3       java.util.zip.ZipEntry::getSize (5 bytes)
Event: 9.968 Thread 0x0000021da0fa8800 nmethod 3594 0x0000021d8be46fd0 code [0x0000021d8be47120, 0x0000021d8be47278]
Event: 9.969 Thread 0x0000021da0fa1000 nmethod 3581% 0x0000021d8be543d0 code [0x0000021d8be54520, 0x0000021d8be549d8]
Event: 9.976 Thread 0x0000021da0fa6000 nmethod 3572 0x0000021d8c098c10 code [0x0000021d8c098dc0, 0x0000021d8c099728]
Event: 9.977 Thread 0x0000021da0fa1000 3595 %     4       java.io.WinNTFileSystem::normalize @ 61 (231 bytes)
Event: 9.981 Thread 0x0000021da0fa8800 3596       1       java.nio.charset.Charset::name (5 bytes)
Event: 9.981 Thread 0x0000021da0fa8800 nmethod 3596 0x0000021d8c088090 code [0x0000021d8c0881e0, 0x0000021d8c0882f8]
Event: 9.981 Thread 0x0000021da0fa8800 3597       3       java.util.jar.JarFile::getJarEntry (9 bytes)
Event: 9.982 Thread 0x0000021da0fa8800 nmethod 3597 0x0000021d8be14ed0 code [0x0000021d8be15040, 0x0000021d8be15350]

GC Heap History (10 events):
Event: 3.734 GC heap before
{Heap before GC invocations=4 (full 0):
 PSYoungGen      total 37888K, used 37856K [0x00000000d6200000, 0x00000000dac00000, 0x0000000100000000)
  eden space 32768K, 100% used [0x00000000d6200000,0x00000000d8200000,0x00000000d8200000)
  from space 5120K, 99% used [0x00000000d8200000,0x00000000d86f8140,0x00000000d8700000)
  to   space 5120K, 0% used [0x00000000da700000,0x00000000da700000,0x00000000dac00000)
 ParOldGen       total 86016K, used 10771K [0x0000000082600000, 0x0000000087a00000, 0x00000000d6200000)
  object space 86016K, 12% used [0x0000000082600000,0x0000000083084e58,0x0000000087a00000)
 Metaspace       used 18364K, capacity 18770K, committed 18944K, reserved 1067008K
  class space    used 2194K, capacity 2304K, committed 2304K, reserved 1048576K
Event: 3.742 GC heap after
Heap after GC invocations=4 (full 0):
 PSYoungGen      total 70656K, used 5104K [0x00000000d6200000, 0x00000000dac00000, 0x0000000100000000)
  eden space 65536K, 0% used [0x00000000d6200000,0x00000000d6200000,0x00000000da200000)
  from space 5120K, 99% used [0x00000000da700000,0x00000000dabfc130,0x00000000dac00000)
  to   space 5120K, 0% used [0x00000000da200000,0x00000000da200000,0x00000000da700000)
 ParOldGen       total 86016K, used 12785K [0x0000000082600000, 0x0000000087a00000, 0x00000000d6200000)
  object space 86016K, 14% used [0x0000000082600000,0x000000008327c440,0x0000000087a00000)
 Metaspace       used 18364K, capacity 18770K, committed 18944K, reserved 1067008K
  class space    used 2194K, capacity 2304K, committed 2304K, reserved 1048576K
}
Event: 4.953 GC heap before
{Heap before GC invocations=5 (full 0):
 PSYoungGen      total 70656K, used 70640K [0x00000000d6200000, 0x00000000dac00000, 0x0000000100000000)
  eden space 65536K, 100% used [0x00000000d6200000,0x00000000da200000,0x00000000da200000)
  from space 5120K, 99% used [0x00000000da700000,0x00000000dabfc130,0x00000000dac00000)
  to   space 5120K, 0% used [0x00000000da200000,0x00000000da200000,0x00000000da700000)
 ParOldGen       total 86016K, used 12785K [0x0000000082600000, 0x0000000087a00000, 0x00000000d6200000)
  object space 86016K, 14% used [0x0000000082600000,0x000000008327c440,0x0000000087a00000)
 Metaspace       used 18737K, capacity 19120K, committed 19328K, reserved 1067008K
  class space    used 2198K, capacity 2309K, committed 2432K, reserved 1048576K
Event: 4.969 GC heap after
Heap after GC invocations=5 (full 0):
 PSYoungGen      total 70656K, used 5088K [0x00000000d6200000, 0x00000000dfc00000, 0x0000000100000000)
  eden space 65536K, 0% used [0x00000000d6200000,0x00000000d6200000,0x00000000da200000)
  from space 5120K, 99% used [0x00000000da200000,0x00000000da6f8020,0x00000000da700000)
  to   space 13312K, 0% used [0x00000000def00000,0x00000000def00000,0x00000000dfc00000)
 ParOldGen       total 86016K, used 17118K [0x0000000082600000, 0x0000000087a00000, 0x00000000d6200000)
  object space 86016K, 19% used [0x0000000082600000,0x00000000836b7980,0x0000000087a00000)
 Metaspace       used 18737K, capacity 19120K, committed 19328K, reserved 1067008K
  class space    used 2198K, capacity 2309K, committed 2432K, reserved 1048576K
}
Event: 6.115 GC heap before
{Heap before GC invocations=6 (full 0):
 PSYoungGen      total 70656K, used 70624K [0x00000000d6200000, 0x00000000dfc00000, 0x0000000100000000)
  eden space 65536K, 100% used [0x00000000d6200000,0x00000000da200000,0x00000000da200000)
  from space 5120K, 99% used [0x00000000da200000,0x00000000da6f8020,0x00000000da700000)
  to   space 13312K, 0% used [0x00000000def00000,0x00000000def00000,0x00000000dfc00000)
 ParOldGen       total 86016K, used 17118K [0x0000000082600000, 0x0000000087a00000, 0x00000000d6200000)
  object space 86016K, 19% used [0x0000000082600000,0x00000000836b7980,0x0000000087a00000)
 Metaspace       used 18877K, capacity 19312K, committed 19584K, reserved 1067008K
  class space    used 2198K, capacity 2309K, committed 2432K, reserved 1048576K
Event: 6.129 GC heap after
Heap after GC invocations=6 (full 0):
 PSYoungGen      total 144384K, used 9888K [0x00000000d6200000, 0x00000000dfc00000, 0x0000000100000000)
  eden space 131072K, 0% used [0x00000000d6200000,0x00000000d6200000,0x00000000de200000)
  from space 13312K, 74% used [0x00000000def00000,0x00000000df8a8140,0x00000000dfc00000)
  to   space 13312K, 0% used [0x00000000de200000,0x00000000de200000,0x00000000def00000)
 ParOldGen       total 86016K, used 17126K [0x0000000082600000, 0x0000000087a00000, 0x00000000d6200000)
  object space 86016K, 19% used [0x0000000082600000,0x00000000836b9980,0x0000000087a00000)
 Metaspace       used 18877K, capacity 19312K, committed 19584K, reserved 1067008K
  class space    used 2198K, capacity 2309K, committed 2432K, reserved 1048576K
}
Event: 7.778 GC heap before
{Heap before GC invocations=7 (full 0):
 PSYoungGen      total 144384K, used 140960K [0x00000000d6200000, 0x00000000dfc00000, 0x0000000100000000)
  eden space 131072K, 100% used [0x00000000d6200000,0x00000000de200000,0x00000000de200000)
  from space 13312K, 74% used [0x00000000def00000,0x00000000df8a8140,0x00000000dfc00000)
  to   space 13312K, 0% used [0x00000000de200000,0x00000000de200000,0x00000000def00000)
 ParOldGen       total 86016K, used 17126K [0x0000000082600000, 0x0000000087a00000, 0x00000000d6200000)
  object space 86016K, 19% used [0x0000000082600000,0x00000000836b9980,0x0000000087a00000)
 Metaspace       used 19394K, capacity 19898K, committed 20096K, reserved 1067008K
  class space    used 2225K, capacity 2360K, committed 2432K, reserved 1048576K
Event: 7.802 GC heap after
Heap after GC invocations=7 (full 0):
 PSYoungGen      total 144384K, used 12000K [0x00000000d6200000, 0x00000000dfc00000, 0x0000000100000000)
  eden space 131072K, 0% used [0x00000000d6200000,0x00000000d6200000,0x00000000de200000)
  from space 13312K, 90% used [0x00000000de200000,0x00000000dedb8020,0x00000000def00000)
  to   space 13312K, 0% used [0x00000000def00000,0x00000000def00000,0x00000000dfc00000)
 ParOldGen       total 86016K, used 19174K [0x0000000082600000, 0x0000000087a00000, 0x00000000d6200000)
  object space 86016K, 22% used [0x0000000082600000,0x00000000838b9b20,0x0000000087a00000)
 Metaspace       used 19394K, capacity 19898K, committed 20096K, reserved 1067008K
  class space    used 2225K, capacity 2360K, committed 2432K, reserved 1048576K
}
Event: 9.764 GC heap before
{Heap before GC invocations=8 (full 0):
 PSYoungGen      total 144384K, used 143072K [0x00000000d6200000, 0x00000000dfc00000, 0x0000000100000000)
  eden space 131072K, 100% used [0x00000000d6200000,0x00000000de200000,0x00000000de200000)
  from space 13312K, 90% used [0x00000000de200000,0x00000000dedb8020,0x00000000def00000)
  to   space 13312K, 0% used [0x00000000def00000,0x00000000def00000,0x00000000dfc00000)
 ParOldGen       total 86016K, used 19174K [0x0000000082600000, 0x0000000087a00000, 0x00000000d6200000)
  object space 86016K, 22% used [0x0000000082600000,0x00000000838b9b20,0x0000000087a00000)
 Metaspace       used 19450K, capacity 19972K, committed 20096K, reserved 1067008K
  class space    used 2226K, capacity 2361K, committed 2432K, reserved 1048576K
Event: 9.828 GC heap after
Heap after GC invocations=8 (full 0):
 PSYoungGen      total 144384K, used 13312K [0x00000000d6200000, 0x00000000dfc00000, 0x0000000100000000)
  eden space 131072K, 0% used [0x00000000d6200000,0x00000000d6200000,0x00000000de200000)
  from space 13312K, 100% used [0x00000000def00000,0x00000000dfc00000,0x00000000dfc00000)
  to   space 13312K, 0% used [0x00000000de200000,0x00000000de200000,0x00000000def00000)
 ParOldGen       total 86016K, used 25713K [0x0000000082600000, 0x0000000087a00000, 0x00000000d6200000)
  object space 86016K, 29% used [0x0000000082600000,0x0000000083f1c470,0x0000000087a00000)
 Metaspace       used 19450K, capacity 19972K, committed 20096K, reserved 1067008K
  class space    used 2226K, capacity 2361K, committed 2432K, reserved 1048576K
}

Deoptimization events (10 events):
Event: 6.798 Thread 0x0000021d8a445800 Uncommon trap: reason=class_check action=maybe_recompile pc=0x0000021d8c6eef90 method=org.apache.maven.repository.internal.ArtifactDescriptorReaderDelegate.convert(Lorg/apache/maven/model/Dependency;Lorg/eclipse/aether/artifact/ArtifactTypeRegistry;)Lorg/
Event: 6.798 Thread 0x0000021d8a445800 Uncommon trap: reason=class_check action=maybe_recompile pc=0x0000021d8c6eef90 method=org.apache.maven.repository.internal.ArtifactDescriptorReaderDelegate.convert(Lorg/apache/maven/model/Dependency;Lorg/eclipse/aether/artifact/ArtifactTypeRegistry;)Lorg/
Event: 6.799 Thread 0x0000021d8a445800 Uncommon trap: reason=class_check action=maybe_recompile pc=0x0000021d8c6eef90 method=org.apache.maven.repository.internal.ArtifactDescriptorReaderDelegate.convert(Lorg/apache/maven/model/Dependency;Lorg/eclipse/aether/artifact/ArtifactTypeRegistry;)Lorg/
Event: 6.799 Thread 0x0000021d8a445800 Uncommon trap: reason=class_check action=maybe_recompile pc=0x0000021d8c6eef90 method=org.apache.maven.repository.internal.ArtifactDescriptorReaderDelegate.convert(Lorg/apache/maven/model/Dependency;Lorg/eclipse/aether/artifact/ArtifactTypeRegistry;)Lorg/
Event: 7.764 Thread 0x0000021d8a445800 Uncommon trap: reason=null_check action=make_not_entrant pc=0x0000021d8c93617c method=org.eclipse.aether.util.artifact.SimpleArtifactTypeRegistry.get(Ljava/lang/String;)Lorg/eclipse/aether/artifact/ArtifactType; @ 10
Event: 8.942 Thread 0x0000021d8a445800 Uncommon trap: reason=null_check action=make_not_entrant pc=0x0000021d8cad2a40 method=org.codehaus.plexus.util.xml.Xpp3Dom.mergeIntoXpp3Dom(Lorg/codehaus/plexus/util/xml/Xpp3Dom;Lorg/codehaus/plexus/util/xml/Xpp3Dom;Ljava/lang/Boolean;)V @ 146
Event: 9.930 Thread 0x0000021d8a445800 Uncommon trap: reason=unstable_if action=reinterpret pc=0x0000021d8c978498 method=java.util.Formatter.parse(Ljava/lang/String;)[Ljava/util/Formatter$FormatString; @ 38
Event: 9.964 Thread 0x0000021d8a445800 Uncommon trap: reason=class_check action=maybe_recompile pc=0x0000021d8c9a01d8 method=sun.nio.cs.StreamDecoder.readBytes()I @ 135
Event: 9.965 Thread 0x0000021d8a445800 Uncommon trap: reason=class_check action=maybe_recompile pc=0x0000021d8c9a01d8 method=sun.nio.cs.StreamDecoder.readBytes()I @ 135
Event: 9.966 Thread 0x0000021d8a445800 Uncommon trap: reason=class_check action=maybe_recompile pc=0x0000021d8c9a01d8 method=sun.nio.cs.StreamDecoder.readBytes()I @ 135

Classes redefined (0 events):
No events

Internal exceptions (10 events):
Event: 9.953 Thread 0x0000021d8a445800 Exception <a 'java/security/PrivilegedActionException'> (0x00000000d6b8aa90) thrown at [J:\jenkins\tmp\workspace\build\src\hotspot\src\share\vm\prims\jvm.cpp, line 1512]
Event: 9.953 Thread 0x0000021d8a445800 Exception <a 'java/security/PrivilegedActionException'> (0x00000000d6b8aca0) thrown at [J:\jenkins\tmp\workspace\build\src\hotspot\src\share\vm\prims\jvm.cpp, line 1512]
Event: 9.953 Thread 0x0000021d8a445800 Exception <a 'java/security/PrivilegedActionException'> (0x00000000d6b8c220) thrown at [J:\jenkins\tmp\workspace\build\src\hotspot\src\share\vm\prims\jvm.cpp, line 1512]
Event: 9.953 Thread 0x0000021d8a445800 Exception <a 'java/security/PrivilegedActionException'> (0x00000000d6b8c430) thrown at [J:\jenkins\tmp\workspace\build\src\hotspot\src\share\vm\prims\jvm.cpp, line 1512]
Event: 9.953 Thread 0x0000021d8a445800 Exception <a 'java/security/PrivilegedActionException'> (0x00000000d6b8d7c8) thrown at [J:\jenkins\tmp\workspace\build\src\hotspot\src\share\vm\prims\jvm.cpp, line 1512]
Event: 9.954 Thread 0x0000021d8a445800 Exception <a 'java/security/PrivilegedActionException'> (0x00000000d6b8d9d8) thrown at [J:\jenkins\tmp\workspace\build\src\hotspot\src\share\vm\prims\jvm.cpp, line 1512]
Event: 9.954 Thread 0x0000021d8a445800 Exception <a 'java/security/PrivilegedActionException'> (0x00000000d6b8ee28) thrown at [J:\jenkins\tmp\workspace\build\src\hotspot\src\share\vm\prims\jvm.cpp, line 1512]
Event: 9.954 Thread 0x0000021d8a445800 Exception <a 'java/security/PrivilegedActionException'> (0x00000000d6b8f038) thrown at [J:\jenkins\tmp\workspace\build\src\hotspot\src\share\vm\prims\jvm.cpp, line 1512]
Event: 9.954 Thread 0x0000021d8a445800 Exception <a 'java/security/PrivilegedActionException'> (0x00000000d6b90578) thrown at [J:\jenkins\tmp\workspace\build\src\hotspot\src\share\vm\prims\jvm.cpp, line 1512]
Event: 9.954 Thread 0x0000021d8a445800 Exception <a 'java/security/PrivilegedActionException'> (0x00000000d6b90788) thrown at [J:\jenkins\tmp\workspace\build\src\hotspot\src\share\vm\prims\jvm.cpp, line 1512]

Events (10 events):
Event: 9.981 Thread 0x0000021da0fa8800 flushing nmethod 0x0000021d8c252d50
Event: 9.981 Thread 0x0000021da0fa8800 flushing nmethod 0x0000021d8c267810
Event: 9.981 Thread 0x0000021da0fa8800 flushing nmethod 0x0000021d8c2749d0
Event: 9.981 Thread 0x0000021da0fa8800 flushing nmethod 0x0000021d8c27b650
Event: 9.981 Thread 0x0000021da0fa8800 flushing nmethod 0x0000021d8c27c690
Event: 9.981 Thread 0x0000021da0fa8800 flushing nmethod 0x0000021d8c2aba10
Event: 9.982 Thread 0x0000021da0fa8800 flushing nmethod 0x0000021d8c2ea650
Event: 9.982 Thread 0x0000021da0fa8800 flushing nmethod 0x0000021d8c2f5350
Event: 9.982 Thread 0x0000021da0fa8800 flushing nmethod 0x0000021d8c30c690
Event: 9.982 Thread 0x0000021da0fa8800 flushing nmethod 0x0000021d8c311550


Dynamic libraries:
0x00007ff79dbb0000 - 0x00007ff79dbea000 	C:\AnypointStudio\plugins\org.mule.tooling.jdk.win32.x86_64_1.0.1\bin\javaw.exe
0x00007ffc72f90000 - 0x00007ffc73186000 	C:\WINDOWS\SYSTEM32\ntdll.dll
0x00007ffc727d0000 - 0x00007ffc7288d000 	C:\WINDOWS\System32\KERNEL32.DLL
0x00007ffc70c50000 - 0x00007ffc70f19000 	C:\WINDOWS\System32\KERNELBASE.dll
0x00007ffc72540000 - 0x00007ffc725ec000 	C:\WINDOWS\System32\ADVAPI32.dll
0x00007ffc721b0000 - 0x00007ffc7224e000 	C:\WINDOWS\System32\msvcrt.dll
0x00007ffc725f0000 - 0x00007ffc7268c000 	C:\WINDOWS\System32\sechost.dll
0x00007ffc71fb0000 - 0x00007ffc720db000 	C:\WINDOWS\System32\RPCRT4.dll
0x00007ffc72250000 - 0x00007ffc723f0000 	C:\WINDOWS\System32\USER32.dll
0x00007ffc70a10000 - 0x00007ffc70a32000 	C:\WINDOWS\System32\win32u.dll
0x00007ffc72510000 - 0x00007ffc7253a000 	C:\WINDOWS\System32\GDI32.dll
0x00007ffc70b40000 - 0x00007ffc70c4b000 	C:\WINDOWS\System32\gdi32full.dll
0x00007ffc70aa0000 - 0x00007ffc70b3d000 	C:\WINDOWS\System32\msvcp_win.dll
0x00007ffc70780000 - 0x00007ffc70880000 	C:\WINDOWS\System32\ucrtbase.dll
0x00007ffc4f270000 - 0x00007ffc4f50b000 	C:\WINDOWS\WinSxS\amd64_microsoft.windows.common-controls_6595b64144ccf1df_6.0.19041.746_none_ca02b4b61b8320a4\COMCTL32.dll
0x00007ffc71820000 - 0x00007ffc71850000 	C:\WINDOWS\System32\IMM32.DLL
0x00007ffc66e40000 - 0x00007ffc66f2f000 	C:\AnypointStudio\plugins\org.mule.tooling.jdk.win32.x86_64_1.0.1\jre\bin\msvcr120.dll
0x00007ffc66d90000 - 0x00007ffc66e36000 	C:\AnypointStudio\plugins\org.mule.tooling.jdk.win32.x86_64_1.0.1\jre\bin\msvcp120.dll
0x0000000054930000 - 0x0000000055196000 	C:\AnypointStudio\plugins\org.mule.tooling.jdk.win32.x86_64_1.0.1\jre\bin\server\jvm.dll
0x00007ffc71810000 - 0x00007ffc71818000 	C:\WINDOWS\System32\PSAPI.DLL
0x00007ffc5e840000 - 0x00007ffc5e867000 	C:\WINDOWS\SYSTEM32\WINMM.dll
0x00007ffc5d4d0000 - 0x00007ffc5d4da000 	C:\WINDOWS\SYSTEM32\VERSION.dll
0x00007ffc5a020000 - 0x00007ffc5a029000 	C:\WINDOWS\SYSTEM32\WSOCK32.dll
0x00007ffc723f0000 - 0x00007ffc7245b000 	C:\WINDOWS\System32\WS2_32.dll
0x00007ffc67d40000 - 0x00007ffc67d4f000 	C:\AnypointStudio\plugins\org.mule.tooling.jdk.win32.x86_64_1.0.1\jre\bin\verify.dll
0x00007ffc5e6e0000 - 0x00007ffc5e708000 	C:\AnypointStudio\plugins\org.mule.tooling.jdk.win32.x86_64_1.0.1\jre\bin\java.dll
0x00007ffc66d70000 - 0x00007ffc66d86000 	C:\AnypointStudio\plugins\org.mule.tooling.jdk.win32.x86_64_1.0.1\jre\bin\zip.dll
0x00007ffc710c0000 - 0x00007ffc71802000 	C:\WINDOWS\System32\SHELL32.dll
0x00007ffc6e3e0000 - 0x00007ffc6eb70000 	C:\WINDOWS\SYSTEM32\windows.storage.dll
0x00007ffc72890000 - 0x00007ffc72be6000 	C:\WINDOWS\System32\combase.dll
0x00007ffc70060000 - 0x00007ffc7008c000 	C:\WINDOWS\SYSTEM32\Wldp.dll
0x00007ffc71cc0000 - 0x00007ffc71d6e000 	C:\WINDOWS\System32\SHCORE.dll
0x00007ffc72ef0000 - 0x00007ffc72f45000 	C:\WINDOWS\System32\shlwapi.dll
0x00007ffc70600000 - 0x00007ffc70626000 	C:\WINDOWS\SYSTEM32\profapi.dll
0x00007ffc67830000 - 0x00007ffc6783d000 	C:\AnypointStudio\plugins\org.mule.tooling.jdk.win32.x86_64_1.0.1\jre\bin\management.dll
0x00007ffc62af0000 - 0x00007ffc62b0a000 	C:\AnypointStudio\plugins\org.mule.tooling.jdk.win32.x86_64_1.0.1\jre\bin\net.dll
0x00007ffc6fde0000 - 0x00007ffc6fe4a000 	C:\WINDOWS\system32\mswsock.dll
0x00007ffc53b80000 - 0x00007ffc53b97000 	C:\WINDOWS\system32\napinsp.dll
0x00007ffc53b60000 - 0x00007ffc53b7b000 	C:\WINDOWS\system32\pnrpnsp.dll
0x00007ffc67ec0000 - 0x00007ffc67ed5000 	C:\WINDOWS\system32\wshbth.dll
0x00007ffc68bf0000 - 0x00007ffc68c0d000 	C:\WINDOWS\system32\NLAapi.dll
0x00007ffc6fad0000 - 0x00007ffc6fb0b000 	C:\WINDOWS\SYSTEM32\IPHLPAPI.DLL
0x00007ffc6fb10000 - 0x00007ffc6fbdb000 	C:\WINDOWS\SYSTEM32\DNSAPI.dll
0x00007ffc72bf0000 - 0x00007ffc72bf8000 	C:\WINDOWS\System32\NSI.dll
0x00007ffc51cc0000 - 0x00007ffc51cd2000 	C:\WINDOWS\System32\winrnr.dll
0x00007ffc5df70000 - 0x00007ffc5df7a000 	C:\Windows\System32\rasadhlp.dll
0x00007ffc5e310000 - 0x00007ffc5e38f000 	C:\WINDOWS\System32\fwpuclnt.dll
0x00007ffc709e0000 - 0x00007ffc70a07000 	C:\WINDOWS\System32\bcrypt.dll
0x00007ffc5d500000 - 0x00007ffc5d512000 	C:\AnypointStudio\plugins\org.mule.tooling.jdk.win32.x86_64_1.0.1\jre\bin\nio.dll

VM Arguments:
jvm_args: -Djava.library.path= -Dlog4j.skipJansi=true -Djava.io.tmpdir=C:\Users\91799\AppData\Local\Temp\ -Dorg.glassfish.grizzly.DEFAULT_MEMORY_MANAGER=org.glassfish.grizzly.memory.HeapMemoryManager -Dmule.testingMode -Dmunit.server.port=49425 -Dlog4j.configurationFile=C:\Users\91799\AppData\Local\Temp\munit-temp-dir\munittarget4436047185742863350\test-classes\log4j2-test.xml -Dfile.encoding=UTF-8 
java_command: org.mule.munit.remote.RemoteRunner -run_configuration C:\Users\91799\AppData\Local\Temp\munit-temp-dir\munitworkingdir5529807596298814110\run-configuration.json
java_class_path (initial): C:\AnypointStudio\plugins\org.mule.tooling.ui.contribution.munit_2.7.1.202101262204\lib\munit-remote-jar-with-dependencies.jar;C:\Users\91799\AppData\Local\Temp\munit-temp-dir\munittarget4436047185742863350\test-classes\log4j2-test.xml
Launcher Type: SUN_STANDARD

Environment Variables:
JAVA_HOME=C:\Program Files\AdoptOpenJDK\jdk-8.0.282.8-openj9\
PATH=C:\Program Files\AdoptOpenJDK\jdk-8.0.282.8-openj9\bin;C:\WINDOWS\system32;C:\WINDOWS;C:\WINDOWS\System32\Wbem;C:\WINDOWS\System32\WindowsPowerShell\v1.0\;C:\WINDOWS\System32\OpenSSH\;C:\Program Files (x86)\Intel\Intel(R) Management Engine Components\DAL;C:\Program Files\Intel\Intel(R) Management Engine Components\DAL;C:\Program Files (x86)\Intel\Intel(R) Management Engine Components\IPT;C:\Program Files\Intel\Intel(R) Management Engine Components\IPT;C:\Program Files\Intel\WiFi\bin\;C:\Program Files\Common Files\Intel\WirelessCommon\;C:\Program Files\Git\cmd;C:\Program Files\apache-maven-3.6.3\bin;C:\Program Files\MySQL\MySQL Shell 8.0\bin\;C:\Users\91799\AppData\Local\Microsoft\WindowsApps;
USERNAME=91799
OS=Windows_NT
PROCESSOR_IDENTIFIER=Intel64 Family 6 Model 142 Stepping 10, GenuineIntel



---------------  S Y S T E M  ---------------

OS: Windows 10.0 , 64 bit Build 19041 (10.0.19041.804)

CPU:total 8 (initial active 8) (4 cores per cpu, 2 threads per core) family 6 model 142 stepping 10, cmov, cx8, fxsr, mmx, sse, sse2, sse3, ssse3, sse4.1, sse4.2, popcnt, avx, avx2, aes, clmul, erms, 3dnowpref, lzcnt, ht, tsc, tscinvbit, bmi1, bmi2, adx

Memory: 4k page, physical 8226392k(498824k free), swap 23307860k(6300k free)

vm_info: OpenJDK 64-Bit Server VM (25.265-b01) for windows-amd64 JRE (1.8.0_265-b01), built on Jul 28 2020 15:11:27 by "jenkins" with MS VC++ 12.0 (VS2013)

time: Tue Feb 23 21:18:56 2021
timezone: India Standard Time
elapsed time: 10 seconds (0d 0h 0m 10s)

